;  LST file generated by mikroListExporter - v.2.0 
; Date/Time: 08/01/2021 01:55:34
;----------------------------------------------

;Address Opcode 	ASM
0x0000	0x2803      	GOTO       3
_main:
;MyProject.c,1 :: 		void main()
;MyProject.c,4 :: 		TRISB = 0x00;     // SETA AS PORTAS B COMO SAIDAS
0x0003	0x1683      	BSF        STATUS, 5
0x0004	0x1303      	BCF        STATUS, 6
0x0005	0x0186      	CLRF       TRISB
;MyProject.c,5 :: 		PORTB = 0x00;       // INICIA AS POETAS EM LOW
0x0006	0x1283      	BCF        STATUS, 5
0x0007	0x0186      	CLRF       PORTB
;MyProject.c,8 :: 		while(1)
L_main0:
;MyProject.c,10 :: 		PORTB = 0x20;
0x0008	0x3020      	MOVLW      32
0x0009	0x0086      	MOVWF      PORTB
;MyProject.c,11 :: 		delay_ms(200);
0x000A	0x3005      	MOVLW      5
0x000B	0x00FB      	MOVWF      R11
0x000C	0x300F      	MOVLW      15
0x000D	0x00FC      	MOVWF      R12
0x000E	0x30F1      	MOVLW      241
0x000F	0x00FD      	MOVWF      R13
L_main2:
0x0010	0x0BFD      	DECFSZ     R13, 1
0x0011	0x2810      	GOTO       L_main2
0x0012	0x0BFC      	DECFSZ     R12, 1
0x0013	0x2810      	GOTO       L_main2
0x0014	0x0BFB      	DECFSZ     R11, 1
0x0015	0x2810      	GOTO       L_main2
;MyProject.c,12 :: 		PORTB = 0x00;
0x0016	0x0186      	CLRF       PORTB
;MyProject.c,13 :: 		delay_ms(200);
0x0017	0x3005      	MOVLW      5
0x0018	0x00FB      	MOVWF      R11
0x0019	0x300F      	MOVLW      15
0x001A	0x00FC      	MOVWF      R12
0x001B	0x30F1      	MOVLW      241
0x001C	0x00FD      	MOVWF      R13
L_main3:
0x001D	0x0BFD      	DECFSZ     R13, 1
0x001E	0x281D      	GOTO       L_main3
0x001F	0x0BFC      	DECFSZ     R12, 1
0x0020	0x281D      	GOTO       L_main3
0x0021	0x0BFB      	DECFSZ     R11, 1
0x0022	0x281D      	GOTO       L_main3
;MyProject.c,15 :: 		}
0x0023	0x2808      	GOTO       L_main0
;MyProject.c,16 :: 		}
L_end_main:
0x0024	0x2824      	GOTO       $+0
; end of _main
Symbol List:
//** Routines locations **
//ADDRESS    SIZE    PROCEDURE
//----------------------------------------------
0x0003      [34]    _main
//** Variables locations ** 
//ADDRESS    SIZE    VARIABLE
//----------------------------------------------
0x0000       [1]    INDF
0x0003       [1]    STATUS
0x0004       [1]    FSR
0x0006       [1]    PORTB
0x000A       [1]    PCLATH
0x0020       [2]    ___DoICPAddr
0x0070       [1]    R0
0x0071       [1]    R1
0x0072       [1]    R2
0x0073       [1]    R3
0x0074       [1]    R4
0x0075       [1]    R5
0x0076       [1]    R6
0x0077       [1]    R7
0x0078       [1]    R8
0x0079       [1]    R9
0x007A       [1]    R10
0x007B       [1]    R11
0x007C       [1]    R12
0x007D       [1]    R13
0x007E       [1]    R14
0x007F       [1]    R15
0x0086       [1]    TRISB
