;  LST file generated by mikroListExporter - v.2.0 
; Date/Time: 14/01/2021 03:50:11
;----------------------------------------------

;Address Opcode 	ASM
0x0000	0x2975      	GOTO       373
_interrupt:
0x0004	0x00FF      	MOVWF      R15
0x0005	0x0E03      	SWAPF      STATUS, 0
0x0006	0x0183      	CLRF       STATUS
0x0007	0x00B2      	MOVWF      ___saveSTATUS
0x0008	0x080A      	MOVF       PCLATH, 0
0x0009	0x00B3      	MOVWF      ___savePCLATH
0x000A	0x018A      	CLRF       PCLATH
0x000B	0x0870      	MOVF       R0, 0
0x000C	0x00A1      	MOVWF      33
0x000D	0x0871      	MOVF       R1, 0
0x000E	0x00A0      	MOVWF      32
0x000F	0x0804      	MOVF       FSR, 0
0x0010	0x00A2      	MOVWF      34
;Recepitor_433.c,33 :: 		void interrupt()
;Recepitor_433.c,35 :: 		rx_func(&comand, &value, &check);           //verifica comando e valor recebido
0x0011	0x3030      	MOVLW      _comand
0x0012	0x00B8      	MOVWF      FARG_rx_func_cmd
0x0013	0x3027      	MOVLW      _value
0x0014	0x00B9      	MOVWF      FARG_rx_func_val
0x0015	0x3028      	MOVLW      _check
0x0016	0x00BA      	MOVWF      FARG_rx_func_ok
0x0017	0x212A      	CALL       _rx_func
;Recepitor_433.c,37 :: 		if(check)                                   //check verdadeiro?
0x0018	0x0828      	MOVF       _check, 0
0x0019	0x1903      	BTFSC      STATUS, 2
0x001A	0x2859      	GOTO       L_interrupt0
;Recepitor_433.c,40 :: 		if(comand == 'A')
0x001B	0x0830      	MOVF       _comand, 0
0x001C	0x3A41      	XORLW      65
0x001D	0x1D03      	BTFSS      STATUS, 2
0x001E	0x2829      	GOTO       L_interrupt1
;Recepitor_433.c,42 :: 		RB0_bit = value;       //se comand igual a 'A', atualiza RB0
0x001F	0x1827      	BTFSC      _value, 0
0x0020	0x2823      	GOTO       L__interrupt28
0x0021	0x1006      	BCF        RB0_bit, BitPos(RB0_bit+0)
0x0022	0x2824      	GOTO       L__interrupt29
L__interrupt28:
0x0023	0x1406      	BSF        RB0_bit, BitPos(RB0_bit+0)
L__interrupt29:
;Recepitor_433.c,43 :: 		RB5_bit = value;       //se comand igual a 'A', atualiza RB5
0x0024	0x1827      	BTFSC      _value, 0
0x0025	0x2828      	GOTO       L__interrupt30
0x0026	0x1286      	BCF        RB5_bit, BitPos(RB5_bit+0)
0x0027	0x2829      	GOTO       L__interrupt31
L__interrupt30:
0x0028	0x1686      	BSF        RB5_bit, BitPos(RB5_bit+0)
L__interrupt31:
;Recepitor_433.c,44 :: 		}
L_interrupt1:
;Recepitor_433.c,46 :: 		if(comand == 'B')
0x0029	0x0830      	MOVF       _comand, 0
0x002A	0x3A42      	XORLW      66
0x002B	0x1D03      	BTFSS      STATUS, 2
0x002C	0x2837      	GOTO       L_interrupt2
;Recepitor_433.c,48 :: 		RB1_bit = value;       //se comand igual a 'B', atualiza RB1
0x002D	0x1827      	BTFSC      _value, 0
0x002E	0x2831      	GOTO       L__interrupt32
0x002F	0x1086      	BCF        RB1_bit, BitPos(RB1_bit+0)
0x0030	0x2832      	GOTO       L__interrupt33
L__interrupt32:
0x0031	0x1486      	BSF        RB1_bit, BitPos(RB1_bit+0)
L__interrupt33:
;Recepitor_433.c,49 :: 		RB6_bit = value;       //se comand igual a 'B', atualiza RB6
0x0032	0x1827      	BTFSC      _value, 0
0x0033	0x2836      	GOTO       L__interrupt34
0x0034	0x1306      	BCF        RB6_bit, BitPos(RB6_bit+0)
0x0035	0x2837      	GOTO       L__interrupt35
L__interrupt34:
0x0036	0x1706      	BSF        RB6_bit, BitPos(RB6_bit+0)
L__interrupt35:
;Recepitor_433.c,50 :: 		}
L_interrupt2:
;Recepitor_433.c,52 :: 		if(comand == 'C')
0x0037	0x0830      	MOVF       _comand, 0
0x0038	0x3A43      	XORLW      67
0x0039	0x1D03      	BTFSS      STATUS, 2
0x003A	0x2845      	GOTO       L_interrupt3
;Recepitor_433.c,54 :: 		RB0_bit = value;       //se comand igual a 'C', atualiza RB0
0x003B	0x1827      	BTFSC      _value, 0
0x003C	0x283F      	GOTO       L__interrupt36
0x003D	0x1006      	BCF        RB0_bit, BitPos(RB0_bit+0)
0x003E	0x2840      	GOTO       L__interrupt37
L__interrupt36:
0x003F	0x1406      	BSF        RB0_bit, BitPos(RB0_bit+0)
L__interrupt37:
;Recepitor_433.c,55 :: 		RB6_bit = value;       //se comand igual a 'C', atualiza RB6
0x0040	0x1827      	BTFSC      _value, 0
0x0041	0x2844      	GOTO       L__interrupt38
0x0042	0x1306      	BCF        RB6_bit, BitPos(RB6_bit+0)
0x0043	0x2845      	GOTO       L__interrupt39
L__interrupt38:
0x0044	0x1706      	BSF        RB6_bit, BitPos(RB6_bit+0)
L__interrupt39:
;Recepitor_433.c,56 :: 		}
L_interrupt3:
;Recepitor_433.c,58 :: 		if(comand == 'D')
0x0045	0x0830      	MOVF       _comand, 0
0x0046	0x3A44      	XORLW      68
0x0047	0x1D03      	BTFSS      STATUS, 2
0x0048	0x2853      	GOTO       L_interrupt4
;Recepitor_433.c,60 :: 		RB5_bit = value;       //se comand igual a 'D', atualiza RB6
0x0049	0x1827      	BTFSC      _value, 0
0x004A	0x284D      	GOTO       L__interrupt40
0x004B	0x1286      	BCF        RB5_bit, BitPos(RB5_bit+0)
0x004C	0x284E      	GOTO       L__interrupt41
L__interrupt40:
0x004D	0x1686      	BSF        RB5_bit, BitPos(RB5_bit+0)
L__interrupt41:
;Recepitor_433.c,61 :: 		RB1_bit = value;       //se comand igual a 'D', atualiza RB1
0x004E	0x1827      	BTFSC      _value, 0
0x004F	0x2852      	GOTO       L__interrupt42
0x0050	0x1086      	BCF        RB1_bit, BitPos(RB1_bit+0)
0x0051	0x2853      	GOTO       L__interrupt43
L__interrupt42:
0x0052	0x1486      	BSF        RB1_bit, BitPos(RB1_bit+0)
L__interrupt43:
;Recepitor_433.c,62 :: 		}
L_interrupt4:
;Recepitor_433.c,64 :: 		if(comand == 'E')
0x0053	0x0830      	MOVF       _comand, 0
0x0054	0x3A45      	XORLW      69
0x0055	0x1D03      	BTFSS      STATUS, 2
0x0056	0x2859      	GOTO       L_interrupt5
;Recepitor_433.c,66 :: 		automatico = 'e';
0x0057	0x3065      	MOVLW      101
0x0058	0x00AE      	MOVWF      _automatico
;Recepitor_433.c,67 :: 		}
L_interrupt5:
;Recepitor_433.c,69 :: 		} //end if ok
L_interrupt0:
;Recepitor_433.c,71 :: 		} //end interrupt
L_end_interrupt:
L__interrupt27:
0x0059	0x0821      	MOVF       33, 0
0x005A	0x00F0      	MOVWF      R0
0x005B	0x0820      	MOVF       32, 0
0x005C	0x00F1      	MOVWF      R1
0x005D	0x0822      	MOVF       34, 0
0x005E	0x0084      	MOVWF      FSR
0x005F	0x0833      	MOVF       ___savePCLATH, 0
0x0060	0x008A      	MOVWF      PCLATH
0x0061	0x0E32      	SWAPF      ___saveSTATUS, 0
0x0062	0x0083      	MOVWF      STATUS
0x0063	0x0EFF      	SWAPF      R15, 1
0x0064	0x0E7F      	SWAPF      R15, 0
0x0065	0x0009      	RETFIE
; end of _interrupt
_Delay_22us:
;__Lib_Delays.c,15 :: 		void Delay_22us() {
;__Lib_Delays.c,16 :: 		Delay_us(22);
0x0066	0x301D      	MOVLW      29
0x0067	0x1283      	BCF        STATUS, 5
0x0068	0x1303      	BCF        STATUS, 6
0x0069	0x00FD      	MOVWF      R13
L_Delay_22us1:
0x006A	0x0BFD      	DECFSZ     R13, 1
0x006B	0x286A      	GOTO       L_Delay_22us1
;__Lib_Delays.c,17 :: 		}
L_end_Delay_22us:
0x006C	0x0008      	RETURN
; end of _Delay_22us
_UART1_Read:
;__Lib_UART_c67.c,21 :: 		
;__Lib_UART_c67.c,24 :: 		
0x006D	0x1283      	BCF        STATUS, 5
0x006E	0x1303      	BCF        STATUS, 6
0x006F	0x081A      	MOVF       RCREG, 0
0x0070	0x00F1      	MOVWF      R1
;__Lib_UART_c67.c,25 :: 		
0x0071	0x1C98      	BTFSS      RCSTA, 1
0x0072	0x2875      	GOTO       L_UART1_Read2
;__Lib_UART_c67.c,26 :: 		
0x0073	0x1218      	BCF        RCSTA, 4
;__Lib_UART_c67.c,27 :: 		
0x0074	0x1618      	BSF        RCSTA, 4
;__Lib_UART_c67.c,28 :: 		
L_UART1_Read2:
;__Lib_UART_c67.c,29 :: 		
0x0075	0x0871      	MOVF       R1, 0
0x0076	0x00F0      	MOVWF      R0
;__Lib_UART_c67.c,30 :: 		
L_end_UART1_Read:
0x0077	0x0008      	RETURN
; end of _UART1_Read
_____DoICP:
;__Lib_System.c,6 :: 		
;__Lib_System.c,9 :: 		
0x0078	0x1283      	BCF        STATUS, 5
0x0079	0x1303      	BCF        STATUS, 6
0x007A	0x0826      	MOVF       ___DoICPAddr+1, 0
0x007B	0x008A      	MOVWF      PCLATH
;__Lib_System.c,10 :: 		
0x007C	0x0825      	MOVF       ___DoICPAddr, 0
0x007D	0x0082      	MOVWF      PCL
;__Lib_System.c,12 :: 		
L_end_____DoICP:
0x007E	0x0008      	RETURN
; end of _____DoICP
_Mul_16X16_U:
;__Lib_Math.c,136 :: 		
;__Lib_Math.c,143 :: 		
0x007F	0x1283      	BCF        STATUS, 5
;__Lib_Math.c,144 :: 		
0x0080	0x1303      	BCF        STATUS, 6
;__Lib_Math.c,145 :: 		
0x0081	0x01FB      	CLRF       R11
;__Lib_Math.c,146 :: 		
0x0082	0x01FA      	CLRF       R10
;__Lib_Math.c,147 :: 		
0x0083	0x01F9      	CLRF       R9
;__Lib_Math.c,148 :: 		
0x0084	0x3080      	MOVLW      128
;__Lib_Math.c,149 :: 		
0x0085	0x00F8      	MOVWF      R8
;__Lib_Math.c,150 :: 		
0x0086	0x0CF1      	RRF        R1, 1
;__Lib_Math.c,151 :: 		
0x0087	0x0CF0      	RRF        R0, 1
;__Lib_Math.c,152 :: 		
0x0088	0x1C03      	BTFSS      STATUS, 0
;__Lib_Math.c,153 :: 		
0x0089	0x2893      	GOTO       $+10
;__Lib_Math.c,154 :: 		
0x008A	0x0874      	MOVF       R4, 0
;__Lib_Math.c,155 :: 		
0x008B	0x07F9      	ADDWF      R9, 1
;__Lib_Math.c,156 :: 		
0x008C	0x0875      	MOVF       R5, 0
;__Lib_Math.c,157 :: 		
0x008D	0x1803      	BTFSC      STATUS, 0
;__Lib_Math.c,158 :: 		
0x008E	0x0F75      	INCFSZ     R5, 0
;__Lib_Math.c,159 :: 		
0x008F	0x07FA      	ADDWF      R10, 1
;__Lib_Math.c,160 :: 		
0x0090	0x1803      	BTFSC      STATUS, 0
;__Lib_Math.c,161 :: 		
0x0091	0x0AFB      	INCF       R11, 1
;__Lib_Math.c,162 :: 		
0x0092	0x1003      	BCF        STATUS, 0
;__Lib_Math.c,163 :: 		
0x0093	0x1FF0      	BTFSS      R0, 7
;__Lib_Math.c,164 :: 		
0x0094	0x289B      	GOTO       $+7
;__Lib_Math.c,165 :: 		
0x0095	0x0874      	MOVF       R4, 0
;__Lib_Math.c,166 :: 		
0x0096	0x07FA      	ADDWF      R10, 1
;__Lib_Math.c,167 :: 		
0x0097	0x0875      	MOVF       R5, 0
;__Lib_Math.c,168 :: 		
0x0098	0x1803      	BTFSC      STATUS, 0
;__Lib_Math.c,169 :: 		
0x0099	0x0F75      	INCFSZ     R5, 0
;__Lib_Math.c,170 :: 		
0x009A	0x07FB      	ADDWF      R11, 1
;__Lib_Math.c,171 :: 		
0x009B	0x0CFB      	RRF        R11, 1
;__Lib_Math.c,172 :: 		
0x009C	0x0CFA      	RRF        R10, 1
;__Lib_Math.c,173 :: 		
0x009D	0x0CF9      	RRF        R9, 1
;__Lib_Math.c,174 :: 		
0x009E	0x0CF8      	RRF        R8, 1
;__Lib_Math.c,175 :: 		
0x009F	0x1C03      	BTFSS      STATUS, 0
;__Lib_Math.c,176 :: 		
0x00A0	0x2886      	GOTO       $-26
;__Lib_Math.c,177 :: 		
0x00A1	0x087B      	MOVF       R11, 0
;__Lib_Math.c,178 :: 		
0x00A2	0x00F3      	MOVWF      R3
;__Lib_Math.c,179 :: 		
0x00A3	0x087A      	MOVF       R10, 0
;__Lib_Math.c,180 :: 		
0x00A4	0x00F2      	MOVWF      R2
;__Lib_Math.c,181 :: 		
0x00A5	0x0879      	MOVF       R9, 0
;__Lib_Math.c,182 :: 		
0x00A6	0x00F1      	MOVWF      R1
;__Lib_Math.c,183 :: 		
0x00A7	0x0878      	MOVF       R8, 0
;__Lib_Math.c,184 :: 		
0x00A8	0x00F0      	MOVWF      R0
;__Lib_Math.c,187 :: 		
L_end_Mul_16X16_U:
0x00A9	0x0008      	RETURN
; end of _Mul_16X16_U
_UART1_Init:
;__Lib_UART_c67.c,2 :: 		
;__Lib_UART_c67.c,5 :: 		
0x00AA	0x1683      	BSF        STATUS, 5
0x00AB	0x1303      	BCF        STATUS, 6
0x00AC	0x1698      	BSF        TXSTA, 5
;__Lib_UART_c67.c,6 :: 		
0x00AD	0x3090      	MOVLW      144
0x00AE	0x1283      	BCF        STATUS, 5
0x00AF	0x0098      	MOVWF      RCSTA
;__Lib_UART_c67.c,7 :: 		
0x00B0	0x1683      	BSF        STATUS, 5
0x00B1	0x1787      	BSF        TRISC7_bit, BitPos(TRISC7_bit+0)
;__Lib_UART_c67.c,8 :: 		
0x00B2	0x1307      	BCF        TRISC6_bit, BitPos(TRISC6_bit+0)
;__Lib_UART_c67.c,10 :: 		
L_UART1_Init0:
0x00B3	0x1283      	BCF        STATUS, 5
0x00B4	0x1E8C      	BTFSS      PIR1, 5
0x00B5	0x28B9      	GOTO       L_UART1_Init1
;__Lib_UART_c67.c,11 :: 		
0x00B6	0x081A      	MOVF       RCREG, 0
0x00B7	0x00F0      	MOVWF      R0
0x00B8	0x28B3      	GOTO       L_UART1_Init0
L_UART1_Init1:
;__Lib_UART_c67.c,12 :: 		
L_end_UART1_Init:
0x00B9	0x0008      	RETURN
; end of _UART1_Init
_PWM1_Set_Duty:
;__Lib_PWM_c21.c,39 :: 		
;__Lib_PWM_c21.c,43 :: 		
0x00BA	0x1683      	BSF        STATUS, 5
0x00BB	0x1303      	BCF        STATUS, 6
0x00BC	0x0812      	MOVF       PR2, 0
0x00BD	0x3E01      	ADDLW      1
0x00BE	0x00F0      	MOVWF      R0
0x00BF	0x01F1      	CLRF       R0+1
0x00C0	0x1803      	BTFSC      STATUS, 0
0x00C1	0x0AF1      	INCF       R0+1, 1
0x00C2	0x1283      	BCF        STATUS, 5
0x00C3	0x0834      	MOVF       FARG_PWM1_Set_Duty_new_duty, 0
0x00C4	0x00F4      	MOVWF      R4
0x00C5	0x01F5      	CLRF       R4+1
0x00C6	0x207F      	CALL       _Mul_16X16_U
0x00C7	0x3006      	MOVLW      6
0x00C8	0x00F2      	MOVWF      R2
0x00C9	0x0870      	MOVF       R0, 0
0x00CA	0x00F4      	MOVWF      R4
0x00CB	0x0871      	MOVF       R0+1, 0
0x00CC	0x00F5      	MOVWF      R4+1
0x00CD	0x0872      	MOVF       R2, 0
L__PWM1_Set_Duty10:
0x00CE	0x1903      	BTFSC      STATUS, 2
0x00CF	0x28D5      	GOTO       L__PWM1_Set_Duty11
0x00D0	0x0CF5      	RRF        R4+1, 1
0x00D1	0x0CF4      	RRF        R4, 1
0x00D2	0x13F5      	BCF        R4+1, 7
0x00D3	0x3EFF      	ADDLW      255
0x00D4	0x28CE      	GOTO       L__PWM1_Set_Duty10
L__PWM1_Set_Duty11:
;__Lib_PWM_c21.c,44 :: 		
0x00D5	0x3004      	MOVLW      4
0x00D6	0x00F1      	MOVWF      R1
0x00D7	0x0874      	MOVF       R4, 0
0x00D8	0x00F0      	MOVWF      R0
0x00D9	0x0871      	MOVF       R1, 0
L__PWM1_Set_Duty12:
0x00DA	0x1903      	BTFSC      STATUS, 2
0x00DB	0x28E0      	GOTO       L__PWM1_Set_Duty13
0x00DC	0x0DF0      	RLF        R0, 1
0x00DD	0x1070      	BCF        R0, 0
0x00DE	0x3EFF      	ADDLW      255
0x00DF	0x28DA      	GOTO       L__PWM1_Set_Duty12
L__PWM1_Set_Duty13:
0x00E0	0x3030      	MOVLW      48
0x00E1	0x0570      	ANDWF      R0, 0
0x00E2	0x00F3      	MOVWF      R3
;__Lib_PWM_c21.c,45 :: 		
0x00E3	0x0874      	MOVF       R4, 0
0x00E4	0x00F0      	MOVWF      R0
0x00E5	0x0875      	MOVF       R4+1, 0
0x00E6	0x00F1      	MOVWF      R0+1
0x00E7	0x0CF1      	RRF        R0+1, 1
0x00E8	0x0CF0      	RRF        R0, 1
0x00E9	0x13F1      	BCF        R0+1, 7
0x00EA	0x0CF1      	RRF        R0+1, 1
0x00EB	0x0CF0      	RRF        R0, 1
0x00EC	0x13F1      	BCF        R0+1, 7
0x00ED	0x0870      	MOVF       R0, 0
0x00EE	0x0095      	MOVWF      CCPR1L
;__Lib_PWM_c21.c,46 :: 		
0x00EF	0x300F      	MOVLW      15
0x00F0	0x0597      	ANDWF      CCP1CON, 1
;__Lib_PWM_c21.c,47 :: 		
0x00F1	0x0873      	MOVF       R3, 0
0x00F2	0x0497      	IORWF      CCP1CON, 1
;__Lib_PWM_c21.c,48 :: 		
L_end_PWM1_Set_Duty:
0x00F3	0x0008      	RETURN
; end of _PWM1_Set_Duty
_PWM1_Start:
;__Lib_PWM_c21.c,50 :: 		
;__Lib_PWM_c21.c,51 :: 		
0x00F4	0x1683      	BSF        STATUS, 5
0x00F5	0x1303      	BCF        STATUS, 6
0x00F6	0x1107      	BCF        TRISC2_bit, BitPos(TRISC2_bit+0)
;__Lib_PWM_c21.c,52 :: 		
0x00F7	0x1283      	BCF        STATUS, 5
0x00F8	0x1512      	BSF        T2CON, 2
;__Lib_PWM_c21.c,53 :: 		
0x00F9	0x300C      	MOVLW      12
0x00FA	0x0497      	IORWF      CCP1CON, 1
;__Lib_PWM_c21.c,54 :: 		
L_end_PWM1_Start:
0x00FB	0x0008      	RETURN
; end of _PWM1_Start
_PWM1_Init:
;__Lib_PWM_c21.c,32 :: 		
;__Lib_PWM_c21.c,33 :: 		
;__Lib_PWM_c21.c,34 :: 		
0x00FC	0x1283      	BCF        STATUS, 5
0x00FD	0x1303      	BCF        STATUS, 6
0x00FE	0x0195      	CLRF       CCPR1L
;__Lib_PWM_c21.c,35 :: 		
0x00FF	0x1217      	BCF        CCP1CON, 4
;__Lib_PWM_c21.c,36 :: 		
0x0100	0x1297      	BCF        CCP1CON, 5
;__Lib_PWM_c21.c,37 :: 		
L_end_PWM1_Init:
0x0101	0x0008      	RETURN
; end of _PWM1_Init
_ADC_Read:
;__Lib_ADC_A_C.c,68 :: 		
;__Lib_ADC_A_C.c,70 :: 		
0x0102	0x1283      	BCF        STATUS, 5
0x0103	0x1303      	BCF        STATUS, 6
0x0104	0x019F      	CLRF       ADCON0
;__Lib_ADC_A_C.c,71 :: 		
0x0105	0x30C0      	MOVLW      192
0x0106	0x049F      	IORWF      ADCON0, 1
;__Lib_ADC_A_C.c,72 :: 		
0x0107	0x0924      	COMF       _vref_mask, 0
0x0108	0x00F0      	MOVWF      R0
0x0109	0x0870      	MOVF       R0, 0
0x010A	0x1683      	BSF        STATUS, 5
0x010B	0x059F      	ANDWF      ADCON1, 1
;__Lib_ADC_A_C.c,73 :: 		
0x010C	0x171F      	BSF        ADCON1, 6
;__Lib_ADC_A_C.c,74 :: 		
0x010D	0x179F      	BSF        ADCON1, 7
;__Lib_ADC_A_C.c,75 :: 		
0x010E	0x1283      	BCF        STATUS, 5
0x010F	0x0834      	MOVF       FARG_ADC_Read_channel, 0
0x0110	0x00F0      	MOVWF      R0
0x0111	0x0DF0      	RLF        R0, 1
0x0112	0x1070      	BCF        R0, 0
0x0113	0x0DF0      	RLF        R0, 1
0x0114	0x1070      	BCF        R0, 0
0x0115	0x0DF0      	RLF        R0, 1
0x0116	0x1070      	BCF        R0, 0
0x0117	0x0870      	MOVF       R0, 0
0x0118	0x049F      	IORWF      ADCON0, 1
;__Lib_ADC_A_C.c,78 :: 		
0x0119	0x141F      	BSF        ADCON0, 0
;__Lib_ADC_A_C.c,81 :: 		
0x011A	0x2066      	CALL       _Delay_22us
;__Lib_ADC_A_C.c,84 :: 		
0x011B	0x151F      	BSF        ADCON0, 2
;__Lib_ADC_A_C.c,87 :: 		
L_ADC_Read2:
0x011C	0x1D1F      	BTFSS      ADCON0, 2
0x011D	0x2920      	GOTO       L_ADC_Read3
;__Lib_ADC_A_C.c,88 :: 		
0x011E	0x0000      	NOP
0x011F	0x291C      	GOTO       L_ADC_Read2
L_ADC_Read3:
;__Lib_ADC_A_C.c,91 :: 		
0x0120	0x101F      	BCF        ADCON0, 0
;__Lib_ADC_A_C.c,94 :: 		
0x0121	0x081E      	MOVF       ADRESH, 0
0x0122	0x00F1      	MOVWF      R0+1
0x0123	0x01F0      	CLRF       R0
0x0124	0x1683      	BSF        STATUS, 5
0x0125	0x081E      	MOVF       ADRESL, 0
0x0126	0x04F0      	IORWF      R0, 1
0x0127	0x3000      	MOVLW      0
0x0128	0x04F1      	IORWF      R0+1, 1
;__Lib_ADC_A_C.c,95 :: 		
L_end_ADC_Read:
0x0129	0x0008      	RETURN
; end of _ADC_Read
_rx_func:
;Recepitor_433.c,156 :: 		void rx_func(char *cmd, char *val, char *ok)
;Recepitor_433.c,160 :: 		*ok = 0;                                    //bit de verificação
0x012A	0x1283      	BCF        STATUS, 5
0x012B	0x1303      	BCF        STATUS, 6
0x012C	0x083A      	MOVF       FARG_rx_func_ok, 0
0x012D	0x0084      	MOVWF      FSR
0x012E	0x0180      	CLRF       INDF
;Recepitor_433.c,162 :: 		if(RCIF_bit)                                //houve interrupção na recepção serial?
0x012F	0x1E8C      	BTFSS      RCIF_bit, BitPos(RCIF_bit+0)
0x0130	0x2968      	GOTO       L_rx_func18
;Recepitor_433.c,164 :: 		RCIF_bit = 0x00;                         //limpa flag
0x0131	0x128C      	BCF        RCIF_bit, BitPos(RCIF_bit+0)
;Recepitor_433.c,166 :: 		buffer = Uart1_Read();                   //lê serial e armazena em buffer
0x0132	0x206D      	CALL       _UART1_Read
0x0133	0x0870      	MOVF       R0, 0
0x0134	0x00BB      	MOVWF      rx_func_buffer_L0
;Recepitor_433.c,168 :: 		if(start)                                //se start verdadeiro
0x0135	0x0831      	MOVF       _start, 0
0x0136	0x1903      	BTFSC      STATUS, 2
0x0137	0x2961      	GOTO       L_rx_func19
;Recepitor_433.c,170 :: 		cnt++;                                //incrementa contador
0x0138	0x0AAF      	INCF       _cnt, 1
;Recepitor_433.c,172 :: 		if(cnt == 1) *cmd = buffer;           //atualiza cmd, se contador igual a 1
0x0139	0x082F      	MOVF       _cnt, 0
0x013A	0x3A01      	XORLW      1
0x013B	0x1D03      	BTFSS      STATUS, 2
0x013C	0x2941      	GOTO       L_rx_func20
0x013D	0x0838      	MOVF       FARG_rx_func_cmd, 0
0x013E	0x0084      	MOVWF      FSR
0x013F	0x083B      	MOVF       rx_func_buffer_L0, 0
0x0140	0x0080      	MOVWF      INDF
L_rx_func20:
;Recepitor_433.c,174 :: 		if(cnt == 2) *val = buffer;           //atualiza val, se contador igual a 2
0x0141	0x082F      	MOVF       _cnt, 0
0x0142	0x3A02      	XORLW      2
0x0143	0x1D03      	BTFSS      STATUS, 2
0x0144	0x2949      	GOTO       L_rx_func21
0x0145	0x0839      	MOVF       FARG_rx_func_val, 0
0x0146	0x0084      	MOVWF      FSR
0x0147	0x083B      	MOVF       rx_func_buffer_L0, 0
0x0148	0x0080      	MOVWF      INDF
L_rx_func21:
;Recepitor_433.c,176 :: 		if(cnt == 3)                          //contador igual a 3?
0x0149	0x082F      	MOVF       _cnt, 0
0x014A	0x3A03      	XORLW      3
0x014B	0x1D03      	BTFSS      STATUS, 2
0x014C	0x2960      	GOTO       L_rx_func22
;Recepitor_433.c,179 :: 		start    = 0x00;                   //limpa start
0x014D	0x01B1      	CLRF       _start
;Recepitor_433.c,181 :: 		if(checksum == ~(char)(*cmd + *val)) *ok = 1; //seta ok, se checksum estiver correto
0x014E	0x0838      	MOVF       FARG_rx_func_cmd, 0
0x014F	0x0084      	MOVWF      FSR
0x0150	0x0800      	MOVF       INDF, 0
0x0151	0x00F0      	MOVWF      R0
0x0152	0x0839      	MOVF       FARG_rx_func_val, 0
0x0153	0x0084      	MOVWF      FSR
0x0154	0x0800      	MOVF       INDF, 0
0x0155	0x07F0      	ADDWF      R0, 1
0x0156	0x0970      	COMF       R0, 0
0x0157	0x00F1      	MOVWF      R1
0x0158	0x083B      	MOVF       rx_func_buffer_L0, 0
0x0159	0x0671      	XORWF      R1, 0
0x015A	0x1D03      	BTFSS      STATUS, 2
0x015B	0x2960      	GOTO       L_rx_func23
0x015C	0x083A      	MOVF       FARG_rx_func_ok, 0
0x015D	0x0084      	MOVWF      FSR
0x015E	0x3001      	MOVLW      1
0x015F	0x0080      	MOVWF      INDF
L_rx_func23:
;Recepitor_433.c,183 :: 		} //end if cnt 3
L_rx_func22:
;Recepitor_433.c,185 :: 		} //end if start
0x0160	0x2968      	GOTO       L_rx_func24
L_rx_func19:
;Recepitor_433.c,189 :: 		if(buffer == 0xFF)                    //buffer completo?
0x0161	0x083B      	MOVF       rx_func_buffer_L0, 0
0x0162	0x3AFF      	XORLW      255
0x0163	0x1D03      	BTFSS      STATUS, 2
0x0164	0x2968      	GOTO       L_rx_func25
;Recepitor_433.c,191 :: 		start = 0x01;                      //seta start
0x0165	0x3001      	MOVLW      1
0x0166	0x00B1      	MOVWF      _start
;Recepitor_433.c,192 :: 		cnt   = 0x00;                      //reinicia contador
0x0167	0x01AF      	CLRF       _cnt
;Recepitor_433.c,194 :: 		} //end if buffer
L_rx_func25:
;Recepitor_433.c,196 :: 		} //end else
L_rx_func24:
;Recepitor_433.c,198 :: 		} //end if RCIF
L_rx_func18:
;Recepitor_433.c,200 :: 		} //end rx_func
L_end_rx_func:
0x0168	0x0008      	RETURN
; end of _rx_func
___CC2DW:
;__Lib_System.c,134 :: 		
;__Lib_System.c,137 :: 		
_CC2D_Loop1:
;__Lib_System.c,139 :: 		
0x0169	0x2078      	CALL       _____DoICP
0x016A	0x118A      	BCF        PCLATH, 3
0x016B	0x120A      	BCF        PCLATH, 4
;__Lib_System.c,141 :: 		
0x016C	0x0080      	MOVWF      INDF
;__Lib_System.c,142 :: 		
0x016D	0x0A84      	INCF       FSR, 1
;__Lib_System.c,143 :: 		
0x016E	0x0AA5      	INCF       ___DoICPAddr, 1
;__Lib_System.c,145 :: 		
0x016F	0x1903      	BTFSC      STATUS, 2
;__Lib_System.c,146 :: 		
0x0170	0x0AA6      	INCF       ___DoICPAddr+1, 1
;__Lib_System.c,147 :: 		
0x0171	0x03F0      	DECF       R0, 1
;__Lib_System.c,149 :: 		
0x0172	0x1D03      	BTFSS      STATUS, 2
;__Lib_System.c,150 :: 		
0x0173	0x2969      	GOTO       _CC2D_Loop1
;__Lib_System.c,152 :: 		
L_end___CC2DW:
0x0174	0x0008      	RETURN
; end of ___CC2DW
_main:
0x0175	0x2234      	CALL       564
;Recepitor_433.c,76 :: 		void main()
;Recepitor_433.c,78 :: 		CMCON = 0x07;                              //Desabilita comparadores
0x0176	0x3007      	MOVLW      7
0x0177	0x1683      	BSF        STATUS, 5
0x0178	0x1303      	BCF        STATUS, 6
0x0179	0x009C      	MOVWF      CMCON
;Recepitor_433.c,79 :: 		TRISB = 0x9C;                              //Configura RB0, RB1, RB5 e RB6 como saída
0x017A	0x309C      	MOVLW      156
0x017B	0x0086      	MOVWF      TRISB
;Recepitor_433.c,80 :: 		PORTB = 0x9C;                              //Inicializa PORTB
0x017C	0x309C      	MOVLW      156
0x017D	0x1283      	BCF        STATUS, 5
0x017E	0x0086      	MOVWF      PORTB
;Recepitor_433.c,82 :: 		TRISC = 0x80;
0x017F	0x3080      	MOVLW      128
0x0180	0x1683      	BSF        STATUS, 5
0x0181	0x0087      	MOVWF      TRISC
;Recepitor_433.c,83 :: 		PORTC = 0x00;
0x0182	0x1283      	BCF        STATUS, 5
0x0183	0x0187      	CLRF       PORTC
;Recepitor_433.c,85 :: 		adcon0 = 0x01;                             //Seleciona A0 como entrada analogica
0x0184	0x3001      	MOVLW      1
0x0185	0x009F      	MOVWF      ADCON0
;Recepitor_433.c,87 :: 		RCIE_bit = 0x01;                           //habilita interrupção da recepção serial
0x0186	0x1683      	BSF        STATUS, 5
0x0187	0x168C      	BSF        RCIE_bit, BitPos(RCIE_bit+0)
;Recepitor_433.c,88 :: 		GIE_bit  = 0x01;                           //habilita interrupção global
0x0188	0x178B      	BSF        GIE_bit, BitPos(GIE_bit+0)
;Recepitor_433.c,89 :: 		PEIE_Bit = 0x01;                           //habilita interrupção dos periféricos
0x0189	0x170B      	BSF        PEIE_bit, BitPos(PEIE_bit+0)
;Recepitor_433.c,91 :: 		UART1_Init(1200);                          //Inicializa UART1 com 1200 baud rate
0x018A	0x30CF      	MOVLW      207
0x018B	0x0099      	MOVWF      SPBRG
0x018C	0x1118      	BCF        TXSTA, 2
0x018D	0x20AA      	CALL       _UART1_Init
;Recepitor_433.c,92 :: 		delay_ms(100);                             //aguarda 100ms
0x018E	0x3003      	MOVLW      3
0x018F	0x00FB      	MOVWF      R11
0x0190	0x3008      	MOVLW      8
0x0191	0x00FC      	MOVWF      R12
0x0192	0x3077      	MOVLW      119
0x0193	0x00FD      	MOVWF      R13
L_main6:
0x0194	0x0BFD      	DECFSZ     R13, 1
0x0195	0x2994      	GOTO       L_main6
0x0196	0x0BFC      	DECFSZ     R12, 1
0x0197	0x2994      	GOTO       L_main6
0x0198	0x0BFB      	DECFSZ     R11, 1
0x0199	0x2994      	GOTO       L_main6
;Recepitor_433.c,94 :: 		PWM1_Init(5000);
0x019A	0x1412      	BSF        T2CON, 0
0x019B	0x1092      	BCF        T2CON, 1
0x019C	0x30C7      	MOVLW      199
0x019D	0x1683      	BSF        STATUS, 5
0x019E	0x0092      	MOVWF      PR2
0x019F	0x20FC      	CALL       _PWM1_Init
;Recepitor_433.c,95 :: 		PWM1_Start();
0x01A0	0x20F4      	CALL       _PWM1_Start
;Recepitor_433.c,96 :: 		PWM1_Set_Duty(duti);
0x01A1	0x0823      	MOVF       _duti, 0
0x01A2	0x00B4      	MOVWF      FARG_PWM1_Set_Duty_new_duty
0x01A3	0x20BA      	CALL       _PWM1_Set_Duty
;Recepitor_433.c,99 :: 		while(1)
L_main7:
;Recepitor_433.c,101 :: 		if(automatico == 'e')
0x01A4	0x082E      	MOVF       _automatico, 0
0x01A5	0x3A65      	XORLW      101
0x01A6	0x1D03      	BTFSS      STATUS, 2
0x01A7	0x2A2B      	GOTO       L_main9
;Recepitor_433.c,103 :: 		leitura1 = ADC_Read(0);
0x01A8	0x01B4      	CLRF       FARG_ADC_Read_channel
0x01A9	0x2102      	CALL       _ADC_Read
0x01AA	0x0870      	MOVF       R0, 0
0x01AB	0x1283      	BCF        STATUS, 5
0x01AC	0x00AA      	MOVWF      _leitura1
0x01AD	0x0871      	MOVF       R0+1, 0
0x01AE	0x00AB      	MOVWF      _leitura1+1
0x01AF	0x01AC      	CLRF       _leitura1+2
0x01B0	0x01AD      	CLRF       _leitura1+3
;Recepitor_433.c,105 :: 		duti = 0xCC;
0x01B1	0x30CC      	MOVLW      204
0x01B2	0x00A3      	MOVWF      _duti
;Recepitor_433.c,106 :: 		PWM1_Set_Duty(duti);
0x01B3	0x30CC      	MOVLW      204
0x01B4	0x00B4      	MOVWF      FARG_PWM1_Set_Duty_new_duty
0x01B5	0x20BA      	CALL       _PWM1_Set_Duty
;Recepitor_433.c,108 :: 		automatico = 'b';
0x01B6	0x3062      	MOVLW      98
0x01B7	0x00AE      	MOVWF      _automatico
;Recepitor_433.c,110 :: 		RB0_bit = 1;
0x01B8	0x1406      	BSF        RB0_bit, BitPos(RB0_bit+0)
;Recepitor_433.c,111 :: 		RB5_bit = 1;
0x01B9	0x1686      	BSF        RB5_bit, BitPos(RB5_bit+0)
;Recepitor_433.c,113 :: 		if(leitura1 > 97)
0x01BA	0x3080      	MOVLW      128
0x01BB	0x00F0      	MOVWF      R0
0x01BC	0x3080      	MOVLW      128
0x01BD	0x062D      	XORWF      _leitura1+3, 0
0x01BE	0x0270      	SUBWF      R0, 0
0x01BF	0x1D03      	BTFSS      STATUS, 2
0x01C0	0x29CB      	GOTO       L__main45
0x01C1	0x082C      	MOVF       _leitura1+2, 0
0x01C2	0x3C00      	SUBLW      0
0x01C3	0x1D03      	BTFSS      STATUS, 2
0x01C4	0x29CB      	GOTO       L__main45
0x01C5	0x082B      	MOVF       _leitura1+1, 0
0x01C6	0x3C00      	SUBLW      0
0x01C7	0x1D03      	BTFSS      STATUS, 2
0x01C8	0x29CB      	GOTO       L__main45
0x01C9	0x082A      	MOVF       _leitura1, 0
0x01CA	0x3C61      	SUBLW      97
L__main45:
0x01CB	0x1803      	BTFSC      STATUS, 0
0x01CC	0x2A29      	GOTO       L_main10
;Recepitor_433.c,114 :: 		{   Delay_ms(10);
0x01CD	0x3034      	MOVLW      52
0x01CE	0x00FC      	MOVWF      R12
0x01CF	0x30F1      	MOVLW      241
0x01D0	0x00FD      	MOVWF      R13
L_main11:
0x01D1	0x0BFD      	DECFSZ     R13, 1
0x01D2	0x29D1      	GOTO       L_main11
0x01D3	0x0BFC      	DECFSZ     R12, 1
0x01D4	0x29D1      	GOTO       L_main11
0x01D5	0x0000      	NOP
0x01D6	0x0000      	NOP
;Recepitor_433.c,115 :: 		RB0_bit = 0;
0x01D7	0x1006      	BCF        RB0_bit, BitPos(RB0_bit+0)
;Recepitor_433.c,116 :: 		RB5_bit = 0;
0x01D8	0x1286      	BCF        RB5_bit, BitPos(RB5_bit+0)
;Recepitor_433.c,117 :: 		Delay_ms(100);
0x01D9	0x3003      	MOVLW      3
0x01DA	0x00FB      	MOVWF      R11
0x01DB	0x3008      	MOVLW      8
0x01DC	0x00FC      	MOVWF      R12
0x01DD	0x3077      	MOVLW      119
0x01DE	0x00FD      	MOVWF      R13
L_main12:
0x01DF	0x0BFD      	DECFSZ     R13, 1
0x01E0	0x29DF      	GOTO       L_main12
0x01E1	0x0BFC      	DECFSZ     R12, 1
0x01E2	0x29DF      	GOTO       L_main12
0x01E3	0x0BFB      	DECFSZ     R11, 1
0x01E4	0x29DF      	GOTO       L_main12
;Recepitor_433.c,118 :: 		RB1_bit = 1;
0x01E5	0x1486      	BSF        RB1_bit, BitPos(RB1_bit+0)
;Recepitor_433.c,119 :: 		RB6_bit = 1;
0x01E6	0x1706      	BSF        RB6_bit, BitPos(RB6_bit+0)
;Recepitor_433.c,120 :: 		Delay_ms(500);
0x01E7	0x300B      	MOVLW      11
0x01E8	0x00FB      	MOVWF      R11
0x01E9	0x3026      	MOVLW      38
0x01EA	0x00FC      	MOVWF      R12
0x01EB	0x305D      	MOVLW      93
0x01EC	0x00FD      	MOVWF      R13
L_main13:
0x01ED	0x0BFD      	DECFSZ     R13, 1
0x01EE	0x29ED      	GOTO       L_main13
0x01EF	0x0BFC      	DECFSZ     R12, 1
0x01F0	0x29ED      	GOTO       L_main13
0x01F1	0x0BFB      	DECFSZ     R11, 1
0x01F2	0x29ED      	GOTO       L_main13
0x01F3	0x0000      	NOP
0x01F4	0x0000      	NOP
;Recepitor_433.c,121 :: 		RB1_bit = 0;
0x01F5	0x1086      	BCF        RB1_bit, BitPos(RB1_bit+0)
;Recepitor_433.c,122 :: 		RB6_bit = 0;
0x01F6	0x1306      	BCF        RB6_bit, BitPos(RB6_bit+0)
;Recepitor_433.c,124 :: 		if(direcao)
0x01F7	0x0829      	MOVF       _direcao, 0
0x01F8	0x1903      	BTFSC      STATUS, 2
0x01F9	0x2A12      	GOTO       L_main14
;Recepitor_433.c,126 :: 		RB0_bit = 1;
0x01FA	0x1406      	BSF        RB0_bit, BitPos(RB0_bit+0)
;Recepitor_433.c,127 :: 		RB6_bit = 1;
0x01FB	0x1706      	BSF        RB6_bit, BitPos(RB6_bit+0)
;Recepitor_433.c,128 :: 		Delay_ms(1200);
0x01FC	0x3019      	MOVLW      25
0x01FD	0x00FB      	MOVWF      R11
0x01FE	0x305A      	MOVLW      90
0x01FF	0x00FC      	MOVWF      R12
0x0200	0x30B1      	MOVLW      177
0x0201	0x00FD      	MOVWF      R13
L_main15:
0x0202	0x0BFD      	DECFSZ     R13, 1
0x0203	0x2A02      	GOTO       L_main15
0x0204	0x0BFC      	DECFSZ     R12, 1
0x0205	0x2A02      	GOTO       L_main15
0x0206	0x0BFB      	DECFSZ     R11, 1
0x0207	0x2A02      	GOTO       L_main15
0x0208	0x0000      	NOP
0x0209	0x0000      	NOP
;Recepitor_433.c,129 :: 		RB0_bit = 0;
0x020A	0x1006      	BCF        RB0_bit, BitPos(RB0_bit+0)
;Recepitor_433.c,130 :: 		RB6_bit = 0;
0x020B	0x1306      	BCF        RB6_bit, BitPos(RB6_bit+0)
;Recepitor_433.c,131 :: 		direcao = !direcao;
0x020C	0x0829      	MOVF       _direcao, 0
0x020D	0x3001      	MOVLW      1
0x020E	0x1D03      	BTFSS      STATUS, 2
0x020F	0x3000      	MOVLW      0
0x0210	0x00A9      	MOVWF      _direcao
;Recepitor_433.c,132 :: 		}else
0x0211	0x2A29      	GOTO       L_main16
L_main14:
;Recepitor_433.c,134 :: 		RB1_bit = 1;
0x0212	0x1486      	BSF        RB1_bit, BitPos(RB1_bit+0)
;Recepitor_433.c,135 :: 		RB5_bit = 1;
0x0213	0x1686      	BSF        RB5_bit, BitPos(RB5_bit+0)
;Recepitor_433.c,136 :: 		Delay_ms(1200);
0x0214	0x3019      	MOVLW      25
0x0215	0x00FB      	MOVWF      R11
0x0216	0x305A      	MOVLW      90
0x0217	0x00FC      	MOVWF      R12
0x0218	0x30B1      	MOVLW      177
0x0219	0x00FD      	MOVWF      R13
L_main17:
0x021A	0x0BFD      	DECFSZ     R13, 1
0x021B	0x2A1A      	GOTO       L_main17
0x021C	0x0BFC      	DECFSZ     R12, 1
0x021D	0x2A1A      	GOTO       L_main17
0x021E	0x0BFB      	DECFSZ     R11, 1
0x021F	0x2A1A      	GOTO       L_main17
0x0220	0x0000      	NOP
0x0221	0x0000      	NOP
;Recepitor_433.c,137 :: 		RB1_bit = 0;
0x0222	0x1086      	BCF        RB1_bit, BitPos(RB1_bit+0)
;Recepitor_433.c,138 :: 		RB5_bit = 0;
0x0223	0x1286      	BCF        RB5_bit, BitPos(RB5_bit+0)
;Recepitor_433.c,139 :: 		direcao = !direcao;
0x0224	0x0829      	MOVF       _direcao, 0
0x0225	0x3001      	MOVLW      1
0x0226	0x1D03      	BTFSS      STATUS, 2
0x0227	0x3000      	MOVLW      0
0x0228	0x00A9      	MOVWF      _direcao
;Recepitor_433.c,140 :: 		}
L_main16:
;Recepitor_433.c,142 :: 		}
L_main10:
;Recepitor_433.c,143 :: 		duti = 0xFF;
0x0229	0x30FF      	MOVLW      255
0x022A	0x00A3      	MOVWF      _duti
;Recepitor_433.c,144 :: 		}
L_main9:
;Recepitor_433.c,145 :: 		}                                  //Loop Infinito
0x022B	0x29A4      	GOTO       L_main7
;Recepitor_433.c,147 :: 		} //end main
L_end_main:
0x022C	0x2A2C      	GOTO       $+0
; end of _main
0x0234	0x3023      	MOVLW      35
0x0235	0x0084      	MOVWF      FSR
0x0236	0x3002      	MOVLW      2
0x0237	0x1283      	BCF        STATUS, 5
0x0238	0x1303      	BCF        STATUS, 6
0x0239	0x00F0      	MOVWF      R0
0x023A	0x3032      	MOVLW      50
0x023B	0x00A5      	MOVWF      ___DoICPAddr
0x023C	0x3002      	MOVLW      2
0x023D	0x00A6      	MOVWF      38
0x023E	0x2169      	CALL       361
0x023F	0x0008      	RETURN
;Recepitor_433.c,0 :: ?ICS_duti
0x0232	0x34FF ;?ICS_duti+0
; end of ?ICS_duti
;__Lib_ADC_A_C.c,0 :: ?ICS_vref_mask
0x0233	0x340F ;?ICS_vref_mask+0
; end of ?ICS_vref_mask
Symbol List:
//** Routines locations **
//ADDRESS    SIZE    PROCEDURE
//----------------------------------------------
0x0004      [98]    _interrupt
0x0066       [7]    _Delay_22us
0x006D      [11]    _UART1_Read
0x0078       [7]    _____DoICP
0x007F      [43]    _Mul_16X16_U
0x00AA      [16]    _UART1_Init
0x00BA      [58]    _PWM1_Set_Duty
0x00F4       [8]    _PWM1_Start
0x00FC       [6]    _PWM1_Init
0x0102      [40]    _ADC_Read
0x012A      [63]    _rx_func
0x0169      [12]    ___CC2DW
0x0175     [183]    _main
//** Variables locations ** 
//ADDRESS    SIZE    VARIABLE
//----------------------------------------------
0x0000       [1]    INDF
0x0002       [1]    PCL
0x0003       [1]    STATUS
0x0004       [1]    FSR
0x0006       [0]    RB0_bit
0x0006       [0]    RB1_bit
0x0006       [1]    PORTB
0x0006       [0]    RB5_bit
0x0006       [0]    RB6_bit
0x0007       [1]    PORTC
0x000A       [1]    PCLATH
0x000B       [0]    GIE_bit
0x000B       [0]    PEIE_bit
0x000C       [1]    PIR1
0x000C       [0]    RCIF_bit
0x0012       [1]    T2CON
0x0015       [1]    CCPR1L
0x0017       [1]    CCP1CON
0x0018       [1]    RCSTA
0x001A       [1]    RCREG
0x001E       [1]    ADRESH
0x001F       [1]    ADCON0
0x0023       [1]    _duti
0x0024       [1]    _vref_mask
0x0025       [2]    ___DoICPAddr
0x0027       [1]    _value
0x0028       [1]    _check
0x0029       [1]    _direcao
0x002A       [4]    _leitura1
0x002E       [1]    _automatico
0x002F       [1]    _cnt
0x0030       [1]    _comand
0x0031       [1]    _start
0x0032       [1]    ___saveSTATUS
0x0033       [1]    ___savePCLATH
0x0034       [1]    FARG_ADC_Read_channel
0x0034       [1]    FARG_PWM1_Set_Duty_new_duty
0x0034       [4]    FARG_PWM1_Init_PWM_Freq
0x0038       [1]    FARG_rx_func_cmd
0x0039       [1]    FARG_rx_func_val
0x003A       [1]    FARG_rx_func_ok
0x003B       [1]    rx_func_buffer_L0
0x0070       [1]    R0
0x0071       [1]    R1
0x0072       [1]    R2
0x0073       [1]    R3
0x0074       [1]    R4
0x0075       [1]    R5
0x0076       [1]    R6
0x0077       [1]    R7
0x0078       [1]    R8
0x0079       [1]    R9
0x007A       [1]    R10
0x007B       [1]    R11
0x007C       [1]    R12
0x007D       [1]    R13
0x007E       [1]    R14
0x007F       [1]    R15
0x0086       [1]    TRISB
0x0087       [0]    TRISC6_bit
0x0087       [1]    TRISC
0x0087       [0]    TRISC2_bit
0x0087       [0]    TRISC7_bit
0x008C       [0]    RCIE_bit
0x0092       [1]    PR2
0x0098       [1]    TXSTA
0x0099       [1]    SPBRG
0x009C       [1]    CMCON
0x009E       [1]    ADRESL
0x009F       [1]    ADCON1
//** Constants locations ** 
//ADDRESS    SIZE    CONSTANT
//----------------------------------------------
0x0232       [1]    ?ICS_duti
0x0233       [1]    ?ICS_vref_mask
