;  LST file generated by mikroListExporter - v.2.0 
; Date/Time: 30/05/2018 16:14:02
;----------------------------------------------

;Address Opcode 	ASM
0x0000	0x28A3      	GOTO       163
_interrupt:
0x0004	0x00FF      	MOVWF      R15
0x0005	0x0E03      	SWAPF      STATUS, 0
0x0006	0x0183      	CLRF       STATUS
0x0007	0x00AA      	MOVWF      ___saveSTATUS
0x0008	0x080A      	MOVF       PCLATH, 0
0x0009	0x00A9      	MOVWF      ___savePCLATH
0x000A	0x018A      	CLRF       PCLATH
0x000B	0x0870      	MOVF       R0, 0
0x000C	0x00A0      	MOVWF      32
0x000D	0x0804      	MOVF       FSR, 0
0x000E	0x00A1      	MOVWF      33
;source_file_PICmid_proj04_rx.c,31 :: 		void interrupt()
;source_file_PICmid_proj04_rx.c,33 :: 		rx_func(&comand, &value, &check);           //verifica comando e valor recebido
0x000F	0x3022      	MOVLW      _comand
0x0010	0x00AB      	MOVWF      FARG_rx_func_cmd
0x0011	0x3023      	MOVLW      _value
0x0012	0x00AC      	MOVWF      FARG_rx_func_val
0x0013	0x3024      	MOVLW      _check
0x0014	0x00AD      	MOVWF      FARG_rx_func_ok
0x0015	0x2064      	CALL       _rx_func
;source_file_PICmid_proj04_rx.c,35 :: 		if(check)                                   //check verdadeiro?
0x0016	0x0824      	MOVF       _check, 0
0x0017	0x1903      	BTFSC      STATUS, 2
0x0018	0x282B      	GOTO       L_interrupt0
;source_file_PICmid_proj04_rx.c,38 :: 		if(comand == 'A') RB0_bit = value;       //se comand igual a 'A', atualiza RB0
0x0019	0x0822      	MOVF       _comand, 0
0x001A	0x3A41      	XORLW      65
0x001B	0x1D03      	BTFSS      STATUS, 2
0x001C	0x2822      	GOTO       L_interrupt1
0x001D	0x1823      	BTFSC      _value, 0
0x001E	0x2821      	GOTO       L__interrupt15
0x001F	0x1006      	BCF        RB0_bit, 0
0x0020	0x2822      	GOTO       L__interrupt16
L__interrupt15:
0x0021	0x1406      	BSF        RB0_bit, 0
L__interrupt16:
L_interrupt1:
;source_file_PICmid_proj04_rx.c,40 :: 		if(comand == 'B') RB5_bit = value;       //se comand igual a 'B', atualiza RB5
0x0022	0x0822      	MOVF       _comand, 0
0x0023	0x3A42      	XORLW      66
0x0024	0x1D03      	BTFSS      STATUS, 2
0x0025	0x282B      	GOTO       L_interrupt2
0x0026	0x1823      	BTFSC      _value, 0
0x0027	0x282A      	GOTO       L__interrupt17
0x0028	0x1286      	BCF        RB5_bit, 5
0x0029	0x282B      	GOTO       L__interrupt18
L__interrupt17:
0x002A	0x1686      	BSF        RB5_bit, 5
L__interrupt18:
L_interrupt2:
;source_file_PICmid_proj04_rx.c,43 :: 		} //end if ok
L_interrupt0:
;source_file_PICmid_proj04_rx.c,45 :: 		} //end interrupt
L__interrupt14:
0x002B	0x0820      	MOVF       32, 0
0x002C	0x00F0      	MOVWF      R0
0x002D	0x0821      	MOVF       33, 0
0x002E	0x0084      	MOVWF      FSR
0x002F	0x0829      	MOVF       ___savePCLATH, 0
0x0030	0x008A      	MOVWF      PCLATH
0x0031	0x0E2A      	SWAPF      ___saveSTATUS, 0
0x0032	0x0083      	MOVWF      STATUS
0x0033	0x0EFF      	SWAPF      R15, 1
0x0034	0x0E7F      	SWAPF      R15, 0
0x0035	0x0009      	RETFIE
; end of _interrupt
_UART1_Read:
;__Lib_UART_b21.c,20 :: 		
;__Lib_UART_b21.c,23 :: 		
0x0036	0x1283      	BCF        STATUS, 5
0x0037	0x1303      	BCF        STATUS, 6
0x0038	0x081A      	MOVF       RCREG, 0
0x0039	0x00F1      	MOVWF      R1
;__Lib_UART_b21.c,24 :: 		
0x003A	0x1C98      	BTFSS      RCSTA, 1
0x003B	0x283E      	GOTO       L_UART1_Read2
;__Lib_UART_b21.c,25 :: 		
0x003C	0x1218      	BCF        RCSTA, 4
;__Lib_UART_b21.c,26 :: 		
0x003D	0x1618      	BSF        RCSTA, 4
;__Lib_UART_b21.c,27 :: 		
L_UART1_Read2:
;__Lib_UART_b21.c,28 :: 		
0x003E	0x0871      	MOVF       R1, 0
0x003F	0x00F0      	MOVWF      R0
;__Lib_UART_b21.c,29 :: 		
0x0040	0x0008      	RETURN
; end of _UART1_Read
_____DoICP:
;__Lib_System.c,6 :: 		
;__Lib_System.c,9 :: 		
0x0041	0x1283      	BCF        STATUS, 5
0x0042	0x1303      	BCF        STATUS, 6
0x0043	0x0826      	MOVF       ___DoICPAddr+1, 0
0x0044	0x008A      	MOVWF      PCLATH
;__Lib_System.c,10 :: 		
0x0045	0x0825      	MOVF       ___DoICPAddr, 0
0x0046	0x0082      	MOVWF      PCL
;__Lib_System.c,12 :: 		
0x0047	0x0008      	RETURN
; end of _____DoICP
___CC2DW:
;__Lib_System.c,24 :: 		
;__Lib_System.c,27 :: 		
_CC2D_Loop1:
;__Lib_System.c,29 :: 		
0x0048	0x2041      	CALL       _____DoICP
0x0049	0x118A      	BCF        PCLATH, 3
0x004A	0x120A      	BCF        PCLATH, 4
;__Lib_System.c,31 :: 		
0x004B	0x0080      	MOVWF      INDF
;__Lib_System.c,32 :: 		
0x004C	0x0A84      	INCF       FSR, 1
;__Lib_System.c,33 :: 		
0x004D	0x0AA5      	INCF       ___DoICPAddr, 1
;__Lib_System.c,35 :: 		
0x004E	0x1903      	BTFSC      STATUS, 2
;__Lib_System.c,36 :: 		
0x004F	0x0AA6      	INCF       ___DoICPAddr+1, 1
;__Lib_System.c,37 :: 		
0x0050	0x03F0      	DECF       R0, 1
;__Lib_System.c,39 :: 		
0x0051	0x1D03      	BTFSS      STATUS, 2
;__Lib_System.c,40 :: 		
0x0052	0x2848      	GOTO       _CC2D_Loop1
;__Lib_System.c,42 :: 		
0x0053	0x0008      	RETURN
; end of ___CC2DW
_UART1_Init:
;__Lib_UART_b21.c,2 :: 		
;__Lib_UART_b21.c,5 :: 		
0x0054	0x1683      	BSF        STATUS, 5
0x0055	0x1303      	BCF        STATUS, 6
0x0056	0x1698      	BSF        TXSTA, 5
;__Lib_UART_b21.c,6 :: 		
0x0057	0x3090      	MOVLW      144
0x0058	0x1283      	BCF        STATUS, 5
0x0059	0x0098      	MOVWF      RCSTA
;__Lib_UART_b21.c,7 :: 		
0x005A	0x1683      	BSF        STATUS, 5
0x005B	0x1486      	BSF        TRISB1_bit, 1
;__Lib_UART_b21.c,8 :: 		
0x005C	0x1106      	BCF        TRISB2_bit, 2
;__Lib_UART_b21.c,9 :: 		
L_UART1_Init0:
0x005D	0x1283      	BCF        STATUS, 5
0x005E	0x1E8C      	BTFSS      PIR1, 5
0x005F	0x2863      	GOTO       L_UART1_Init1
;__Lib_UART_b21.c,10 :: 		
0x0060	0x081A      	MOVF       RCREG, 0
0x0061	0x00F0      	MOVWF      R0
0x0062	0x285D      	GOTO       L_UART1_Init0
L_UART1_Init1:
;__Lib_UART_b21.c,11 :: 		
0x0063	0x0008      	RETURN
; end of _UART1_Init
_rx_func:
;source_file_PICmid_proj04_rx.c,76 :: 		void rx_func(char *cmd, char *val, char *ok)
;source_file_PICmid_proj04_rx.c,80 :: 		*ok = 0;                                    //bit de verificação
0x0064	0x1283      	BCF        STATUS, 5
0x0065	0x1303      	BCF        STATUS, 6
0x0066	0x082D      	MOVF       FARG_rx_func_ok, 0
0x0067	0x0084      	MOVWF      FSR
0x0068	0x0180      	CLRF       INDF
;source_file_PICmid_proj04_rx.c,82 :: 		if(RCIF_bit)                                //houve interrupção na recepção serial?
0x0069	0x1E8C      	BTFSS      RCIF_bit, 5
0x006A	0x28A2      	GOTO       L_rx_func6
;source_file_PICmid_proj04_rx.c,84 :: 		RCIF_bit = 0x00;                         //limpa flag
0x006B	0x128C      	BCF        RCIF_bit, 5
;source_file_PICmid_proj04_rx.c,86 :: 		buffer = Uart1_Read();                   //lê serial e armazena em buffer
0x006C	0x2036      	CALL       _UART1_Read
0x006D	0x0870      	MOVF       R0, 0
0x006E	0x00AE      	MOVWF      rx_func_buffer_L0
;source_file_PICmid_proj04_rx.c,88 :: 		if(start)                                //se start verdadeiro
0x006F	0x0827      	MOVF       _start, 0
0x0070	0x1903      	BTFSC      STATUS, 2
0x0071	0x289B      	GOTO       L_rx_func7
;source_file_PICmid_proj04_rx.c,90 :: 		cnt++;                                //incrementa contador
0x0072	0x0AA8      	INCF       _cnt, 1
;source_file_PICmid_proj04_rx.c,92 :: 		if(cnt == 1) *cmd = buffer;           //atualiza cmd, se contador igual a 1
0x0073	0x0828      	MOVF       _cnt, 0
0x0074	0x3A01      	XORLW      1
0x0075	0x1D03      	BTFSS      STATUS, 2
0x0076	0x287B      	GOTO       L_rx_func8
0x0077	0x082B      	MOVF       FARG_rx_func_cmd, 0
0x0078	0x0084      	MOVWF      FSR
0x0079	0x082E      	MOVF       rx_func_buffer_L0, 0
0x007A	0x0080      	MOVWF      INDF
L_rx_func8:
;source_file_PICmid_proj04_rx.c,94 :: 		if(cnt == 2) *val = buffer;           //atualiza val, se contador igual a 2
0x007B	0x0828      	MOVF       _cnt, 0
0x007C	0x3A02      	XORLW      2
0x007D	0x1D03      	BTFSS      STATUS, 2
0x007E	0x2883      	GOTO       L_rx_func9
0x007F	0x082C      	MOVF       FARG_rx_func_val, 0
0x0080	0x0084      	MOVWF      FSR
0x0081	0x082E      	MOVF       rx_func_buffer_L0, 0
0x0082	0x0080      	MOVWF      INDF
L_rx_func9:
;source_file_PICmid_proj04_rx.c,96 :: 		if(cnt == 3)                          //contador igual a 3?
0x0083	0x0828      	MOVF       _cnt, 0
0x0084	0x3A03      	XORLW      3
0x0085	0x1D03      	BTFSS      STATUS, 2
0x0086	0x289A      	GOTO       L_rx_func10
;source_file_PICmid_proj04_rx.c,99 :: 		start    = 0x00;                   //limpa start
0x0087	0x01A7      	CLRF       _start
;source_file_PICmid_proj04_rx.c,101 :: 		if(checksum == ~(char)(*cmd + *val)) *ok = 1; //seta ok, se checksum estiver correto
0x0088	0x082B      	MOVF       FARG_rx_func_cmd, 0
0x0089	0x0084      	MOVWF      FSR
0x008A	0x0800      	MOVF       INDF, 0
0x008B	0x00F0      	MOVWF      R0
0x008C	0x082C      	MOVF       FARG_rx_func_val, 0
0x008D	0x0084      	MOVWF      FSR
0x008E	0x0800      	MOVF       INDF, 0
0x008F	0x07F0      	ADDWF      R0, 1
0x0090	0x0970      	COMF       R0, 0
0x0091	0x00F1      	MOVWF      R1
0x0092	0x082E      	MOVF       rx_func_buffer_L0, 0
0x0093	0x0671      	XORWF      R1, 0
0x0094	0x1D03      	BTFSS      STATUS, 2
0x0095	0x289A      	GOTO       L_rx_func11
0x0096	0x082D      	MOVF       FARG_rx_func_ok, 0
0x0097	0x0084      	MOVWF      FSR
0x0098	0x3001      	MOVLW      1
0x0099	0x0080      	MOVWF      INDF
L_rx_func11:
;source_file_PICmid_proj04_rx.c,103 :: 		} //end if cnt 3
L_rx_func10:
;source_file_PICmid_proj04_rx.c,105 :: 		} //end if start
0x009A	0x28A2      	GOTO       L_rx_func12
L_rx_func7:
;source_file_PICmid_proj04_rx.c,109 :: 		if(buffer == 0xFF)                    //buffer completo?
0x009B	0x082E      	MOVF       rx_func_buffer_L0, 0
0x009C	0x3AFF      	XORLW      255
0x009D	0x1D03      	BTFSS      STATUS, 2
0x009E	0x28A2      	GOTO       L_rx_func13
;source_file_PICmid_proj04_rx.c,111 :: 		start = 0x01;                      //seta start
0x009F	0x3001      	MOVLW      1
0x00A0	0x00A7      	MOVWF      _start
;source_file_PICmid_proj04_rx.c,112 :: 		cnt   = 0x00;                      //reinicia contador
0x00A1	0x01A8      	CLRF       _cnt
;source_file_PICmid_proj04_rx.c,114 :: 		} //end if buffer
L_rx_func13:
;source_file_PICmid_proj04_rx.c,116 :: 		} //end else
L_rx_func12:
;source_file_PICmid_proj04_rx.c,118 :: 		} //end if RCIF
L_rx_func6:
;source_file_PICmid_proj04_rx.c,120 :: 		} //end rx_func
0x00A2	0x0008      	RETURN
; end of _rx_func
_main:
;source_file_PICmid_proj04_rx.c,50 :: 		void main()
;source_file_PICmid_proj04_rx.c,52 :: 		CMCON = 0x07;                              //Desabilita comparadores
0x00A3	0x3007      	MOVLW      7
0x00A4	0x1283      	BCF        STATUS, 5
0x00A5	0x1303      	BCF        STATUS, 6
0x00A6	0x009F      	MOVWF      CMCON
;source_file_PICmid_proj04_rx.c,53 :: 		TRISB = 0xDE;                              //Configura RB0 e RB5 como saída
0x00A7	0x30DE      	MOVLW      222
0x00A8	0x1683      	BSF        STATUS, 5
0x00A9	0x0086      	MOVWF      TRISB
;source_file_PICmid_proj04_rx.c,54 :: 		PORTB = 0xDE;                              //Inicializa PORTB
0x00AA	0x30DE      	MOVLW      222
0x00AB	0x1283      	BCF        STATUS, 5
0x00AC	0x0086      	MOVWF      PORTB
;source_file_PICmid_proj04_rx.c,56 :: 		RCIE_bit = 0x01;                           //habilita interrupção da recepção serial
0x00AD	0x1683      	BSF        STATUS, 5
0x00AE	0x168C      	BSF        RCIE_bit, 5
;source_file_PICmid_proj04_rx.c,57 :: 		GIE_bit  = 0x01;                           //habilita interrupção global
0x00AF	0x178B      	BSF        GIE_bit, 7
;source_file_PICmid_proj04_rx.c,58 :: 		PEIE_Bit = 0x01;                           //habilita interrupção dos periféricos
0x00B0	0x170B      	BSF        PEIE_bit, 6
;source_file_PICmid_proj04_rx.c,60 :: 		UART1_Init(1200);                          //Inicializa UART1 com 1200 baud rate
0x00B1	0x30CF      	MOVLW      207
0x00B2	0x0099      	MOVWF      SPBRG
0x00B3	0x1518      	BSF        TXSTA, 2
0x00B4	0x2054      	CALL       _UART1_Init
;source_file_PICmid_proj04_rx.c,61 :: 		delay_ms(100);                             //aguarda 100ms
0x00B5	0x3082      	MOVLW      130
0x00B6	0x00FC      	MOVWF      R12
0x00B7	0x30DD      	MOVLW      221
0x00B8	0x00FD      	MOVWF      R13
L_main3:
0x00B9	0x0BFD      	DECFSZ     R13, 1
0x00BA	0x28B9      	GOTO       L_main3
0x00BB	0x0BFC      	DECFSZ     R12, 1
0x00BC	0x28B9      	GOTO       L_main3
0x00BD	0x0000      	NOP
0x00BE	0x0000      	NOP
;source_file_PICmid_proj04_rx.c,65 :: 		while(1);                                  //Loop Infinito
L_main4:
0x00BF	0x28BF      	GOTO       L_main4
;source_file_PICmid_proj04_rx.c,67 :: 		} //end main
0x00C0	0x28C0      	GOTO       $+0
; end of _main
Symbol List:
//** Routines locations **
//ADDRESS    SIZE    PROCEDURE
//----------------------------------------------
0x0004      [50]    _interrupt
0x0036      [11]    _UART1_Read
0x0041       [7]    _____DoICP
0x0048      [12]    ___CC2DW
0x0054      [16]    _UART1_Init
0x0064      [63]    _rx_func
0x00A3      [30]    _main
//** Variables locations ** 
//ADDRESS    SIZE    VARIABLE
//----------------------------------------------
0x0000       [1]    INDF
0x0001       [1]    TMR0
0x0002       [1]    PCL
0x0003       [1]    STATUS
0x0003       [0]    NOT_PD_bit
0x0003       [0]    Z_bit
0x0003       [0]    DC_bit
0x0003       [0]    NOT_TO_bit
0x0003       [0]    IRP_bit
0x0003       [0]    RP1_bit
0x0003       [0]    RP0_bit
0x0003       [0]    C_bit
0x0004       [1]    FSR
0x0004       [1]    FSRPTR
0x0005       [0]    RA0_bit
0x0005       [0]    RA1_bit
0x0005       [1]    PORTA
0x0005       [0]    RA7_bit
0x0005       [0]    RA3_bit
0x0005       [0]    RA4_bit
0x0005       [0]    RA5_bit
0x0005       [0]    RA6_bit
0x0005       [0]    RA2_bit
0x0006       [0]    RB7_bit
0x0006       [0]    RB1_bit
0x0006       [0]    RB2_bit
0x0006       [0]    RB0_bit
0x0006       [0]    RB6_bit
0x0006       [0]    RB5_bit
0x0006       [0]    RB4_bit
0x0006       [1]    PORTB
0x0006       [0]    RB3_bit
0x000A       [1]    PCLATH
0x000B       [0]    PEIE_bit
0x000B       [0]    GIE_bit
0x000B       [0]    T0IF_bit
0x000B       [0]    INTF_bit
0x000B       [0]    T0IE_bit
0x000B       [0]    INTE_bit
0x000B       [1]    INTCON
0x000B       [0]    RBIE_bit
0x000B       [0]    RBIF_bit
0x000C       [0]    CCP1IF_bit
0x000C       [0]    TMR2IF_bit
0x000C       [0]    TMR1IF_bit
0x000C       [0]    RCIF_bit
0x000C       [0]    CMIF_bit
0x000C       [0]    EEIF_bit
0x000C       [0]    TXIF_bit
0x000C       [1]    PIR1
0x000E       [1]    TMR1L
0x000F       [1]    TMR1H
0x0010       [0]    T1CKPS0_bit
0x0010       [0]    NOT_T1SYNC_bit
0x0010       [1]    T1CON
0x0010       [0]    T1OSCEN_bit
0x0010       [0]    TMR1ON_bit
0x0010       [0]    T1CKPS1_bit
0x0010       [0]    TMR1CS_bit
0x0011       [1]    TMR2
0x0012       [0]    T2CKPS1_bit
0x0012       [0]    T2CKPS0_bit
0x0012       [0]    TMR2ON_bit
0x0012       [0]    TOUTPS0_bit
0x0012       [0]    TOUTPS3_bit
0x0012       [1]    T2CON
0x0012       [0]    TOUTPS1_bit
0x0012       [0]    TOUTPS2_bit
0x0015       [2]    CCPR1
0x0015       [1]    CCPR1L
0x0016       [1]    CCPR1H
0x0017       [0]    CCP1M1_bit
0x0017       [0]    CCP1M0_bit
0x0017       [1]    CCP1CON
0x0017       [0]    CCP1M2_bit
0x0017       [0]    CCP1X_bit
0x0017       [0]    CCP1Y_bit
0x0017       [0]    CCP1M3_bit
0x0018       [0]    FERR_bit
0x0018       [0]    ADEN_bit
0x0018       [0]    RX9D_bit
0x0018       [0]    OERR_bit
0x0018       [1]    RCSTA
0x0018       [0]    RX9_bit
0x0018       [0]    SPEN_bit
0x0018       [0]    CREN_bit
0x0018       [0]    SREN_bit
0x0019       [1]    TXREG
0x001A       [1]    RCREG
0x001F       [0]    CM2_bit
0x001F       [0]    CIS_bit
0x001F       [0]    C1INV_bit
0x001F       [1]    CMCON
0x001F       [0]    CM1_bit
0x001F       [0]    CM0_bit
0x001F       [0]    C2INV_bit
0x001F       [0]    C2OUT_bit
0x001F       [0]    C1OUT_bit
0x0022       [1]    _comand
0x0023       [1]    _value
0x0024       [1]    _check
0x0025       [2]    ___DoICPAddr
0x0027       [1]    _start
0x0028       [1]    _cnt
0x0029       [1]    ___savePCLATH
0x002A       [1]    ___saveSTATUS
0x002B       [1]    FARG_rx_func_cmd
0x002C       [1]    FARG_rx_func_val
0x002D       [1]    FARG_rx_func_ok
0x002E       [1]    rx_func_buffer_L0
0x0070       [1]    R0
0x0071       [1]    R1
0x0072       [1]    R2
0x0073       [1]    R3
0x0074       [1]    R4
0x0075       [1]    R5
0x0076       [1]    R6
0x0077       [1]    R7
0x0078       [1]    R8
0x0079       [1]    R9
0x007A       [1]    R10
0x007B       [1]    R11
0x007C       [1]    R12
0x007D       [1]    R13
0x007E       [1]    R14
0x007F       [1]    R15
0x0081       [0]    T0SE_bit
0x0081       [0]    NOT_RBPU_bit
0x0081       [0]    PSA_bit
0x0081       [0]    PS1_bit
0x0081       [0]    PS2_bit
0x0081       [1]    OPTION_REG
0x0081       [0]    PS0_bit
0x0081       [0]    T0CS_bit
0x0081       [0]    INTEDG_bit
0x0085       [0]    TRISA4_bit
0x0085       [0]    TRISA3_bit
0x0085       [0]    TRISA6_bit
0x0085       [0]    TRISA5_bit
0x0085       [0]    TRISA0_bit
0x0085       [1]    TRISA
0x0085       [0]    TRISA2_bit
0x0085       [0]    TRISA1_bit
0x0085       [0]    TRISA7_bit
0x0086       [0]    TRISB7_bit
0x0086       [1]    TRISB
0x0086       [0]    TRISB5_bit
0x0086       [0]    TRISB6_bit
0x0086       [0]    TRISB0_bit
0x0086       [0]    TRISB3_bit
0x0086       [0]    TRISB4_bit
0x0086       [0]    TRISB1_bit
0x0086       [0]    TRISB2_bit
0x008C       [1]    PIE1
0x008C       [0]    TMR1IE_bit
0x008C       [0]    TXIE_bit
0x008C       [0]    CCP1IE_bit
0x008C       [0]    RCIE_bit
0x008C       [0]    EEIE_bit
0x008C       [0]    CMIE_bit
0x008C       [0]    TMR2IE_bit
0x008E       [0]    OSCF_bit
0x008E       [1]    PCON
0x008E       [0]    NOT_BOD_bit
0x008E       [0]    NOT_BOR_bit
0x008E       [0]    NOT_BO_bit
0x008E       [0]    NOT_POR_bit
0x0092       [1]    PR2
0x0098       [0]    CSRC_bit
0x0098       [1]    TXSTA
0x0098       [0]    BRGH_bit
0x0098       [0]    TX9D_bit
0x0098       [0]    TRMT_bit
0x0098       [0]    TX9_bit
0x0098       [0]    TXEN_bit
0x0098       [0]    SYNC_bit
0x0099       [1]    SPBRG
0x009A       [1]    EEDATA
0x009B       [1]    EEADR
0x009C       [1]    EECON1
0x009C       [0]    RD_bit
0x009C       [0]    WREN_bit
0x009C       [0]    WRERR_bit
0x009C       [0]    WR_bit
0x009D       [1]    EECON2
0x009F       [0]    VR3_bit
0x009F       [0]    VR0_bit
0x009F       [0]    VR1_bit
0x009F       [0]    VR2_bit
0x009F       [0]    VROE_bit
0x009F       [0]    VREN_bit
0x009F       [0]    VRR_bit
0x009F       [1]    VRCON
//** Label List: ** 
//----------------------------------------------
  L_interrupt0
  L_interrupt1
  L_interrupt2
  L_main3
  L_main4
  L_main5
  L_rx_func6
  L_rx_func7
  L_rx_func8
  L_rx_func9
  L_rx_func10
  L_rx_func11
  L_rx_func12
  L_rx_func13
  _interrupt
  L__interrupt14
  L__interrupt15
  L__interrupt16
  L__interrupt17
  L__interrupt18
  _main
  _rx_func
  _CC2D_Loop1
  _____DoICP
  _____DoIFC
  ___CC2DW
  _Swap
  L_UART1_Init0
  L_UART1_Init1
  L_UART1_Read2
  L_UART1_Write3
  L_UART1_Write4
  L_UART1_Write_Text5
  L_UART1_Write_Text6
  L_UART1_Read_Text7
  L_UART1_Read_Text8
  L_UART1_Read_Text9
  L_UART1_Read_Text10
  L_UART1_Read_Text11
  L_UART1_Read_Text12
  L_UART1_Read_Text13
  L_UART1_Read_Text14
  L_UART1_Read_Text15
  _UART1_Init
  _UART1_Data_Ready
  _UART1_Read
  _UART1_Tx_Idle
  _UART1_Write
  _UART1_Write_Text
  _UART1_Read_Text
  L_interrupt0
  L_interrupt1
  L_interrupt2
  L_main3
  L_main4
  L_main5
  L_rx_func6
  L_rx_func7
  L_rx_func8
  L_rx_func9
  L_rx_func10
  L_rx_func11
  L_rx_func12
  L_rx_func13
  _interrupt
  L__interrupt14
  L__interrupt15
  L__interrupt16
  L__interrupt17
  L__interrupt18
  _main
  _rx_func
  L_UART1_Init0
  L_UART1_Init1
  L_UART1_Read2
  L_UART1_Write3
  L_UART1_Write4
  L_UART1_Write_Text5
  L_UART1_Write_Text6
  L_UART1_Read_Text7
  L_UART1_Read_Text8
  L_UART1_Read_Text9
  L_UART1_Read_Text10
  L_UART1_Read_Text11
  L_UART1_Read_Text12
  L_UART1_Read_Text13
  L_UART1_Read_Text14
  L_UART1_Read_Text15
  _UART1_Init
  _UART1_Data_Ready
  _UART1_Read
  _UART1_Tx_Idle
  _UART1_Write
  _UART1_Write_Text
  _UART1_Read_Text
