;  LST file generated by mikroListExporter - v.2.0 
; Date/Time: 15/11/2021 22:50:01
;----------------------------------------------

;Address Opcode 	ASM
0x0000	0x282F      	GOTO       47
_Converter:
;Robo_16f.c,43 :: 		int Converter(int n1, int n2, int n3){
;Robo_16f.c,44 :: 		int valor = 0;
0x0003	0x1283      	BCF        STATUS, 5
0x0004	0x1303      	BCF        STATUS, 6
0x0005	0x01AA      	CLRF       Converter_valor_L0
0x0006	0x01AB      	CLRF       Converter_valor_L0+1
;Robo_16f.c,45 :: 		if (n1 == 1){
0x0007	0x3000      	MOVLW      0
0x0008	0x0625      	XORWF      FARG_Converter_n1+1, 0
0x0009	0x1D03      	BTFSS      STATUS, 2
0x000A	0x280D      	GOTO       L__Converter22
0x000B	0x3001      	MOVLW      1
0x000C	0x0624      	XORWF      FARG_Converter_n1, 0
L__Converter22:
0x000D	0x1D03      	BTFSS      STATUS, 2
0x000E	0x2813      	GOTO       L_Converter12
;Robo_16f.c,46 :: 		valor = valor + 4;
0x000F	0x3004      	MOVLW      4
0x0010	0x07AA      	ADDWF      Converter_valor_L0, 1
0x0011	0x1803      	BTFSC      STATUS, 0
0x0012	0x0AAB      	INCF       Converter_valor_L0+1, 1
;Robo_16f.c,47 :: 		}
L_Converter12:
;Robo_16f.c,48 :: 		if (n2 == 1){
0x0013	0x3000      	MOVLW      0
0x0014	0x0627      	XORWF      FARG_Converter_n2+1, 0
0x0015	0x1D03      	BTFSS      STATUS, 2
0x0016	0x2819      	GOTO       L__Converter23
0x0017	0x3001      	MOVLW      1
0x0018	0x0626      	XORWF      FARG_Converter_n2, 0
L__Converter23:
0x0019	0x1D03      	BTFSS      STATUS, 2
0x001A	0x281F      	GOTO       L_Converter13
;Robo_16f.c,49 :: 		valor = valor + 2;
0x001B	0x3002      	MOVLW      2
0x001C	0x07AA      	ADDWF      Converter_valor_L0, 1
0x001D	0x1803      	BTFSC      STATUS, 0
0x001E	0x0AAB      	INCF       Converter_valor_L0+1, 1
;Robo_16f.c,50 :: 		}
L_Converter13:
;Robo_16f.c,51 :: 		if (n3 == 1){
0x001F	0x3000      	MOVLW      0
0x0020	0x0629      	XORWF      FARG_Converter_n3+1, 0
0x0021	0x1D03      	BTFSS      STATUS, 2
0x0022	0x2825      	GOTO       L__Converter24
0x0023	0x3001      	MOVLW      1
0x0024	0x0628      	XORWF      FARG_Converter_n3, 0
L__Converter24:
0x0025	0x1D03      	BTFSS      STATUS, 2
0x0026	0x282A      	GOTO       L_Converter14
;Robo_16f.c,52 :: 		valor = valor + 1;
0x0027	0x0AAA      	INCF       Converter_valor_L0, 1
0x0028	0x1903      	BTFSC      STATUS, 2
0x0029	0x0AAB      	INCF       Converter_valor_L0+1, 1
;Robo_16f.c,53 :: 		}
L_Converter14:
;Robo_16f.c,54 :: 		return(valor);
0x002A	0x082A      	MOVF       Converter_valor_L0, 0
0x002B	0x00F0      	MOVWF      R0
0x002C	0x082B      	MOVF       Converter_valor_L0+1, 0
0x002D	0x00F1      	MOVWF      R0+1
;Robo_16f.c,55 :: 		}
L_end_Converter:
0x002E	0x0008      	RETURN
; end of _Converter
_main:
;Robo_16f.c,6 :: 		void main() {
;Robo_16f.c,7 :: 		int date = 0;
0x002F	0x1283      	BCF        STATUS, 5
0x0030	0x1303      	BCF        STATUS, 6
0x0031	0x01A2      	CLRF       main_date_L0
0x0032	0x01A3      	CLRF       main_date_L0+1
;Robo_16f.c,8 :: 		CMCON = 7;
0x0033	0x3007      	MOVLW      7
0x0034	0x009F      	MOVWF      CMCON
;Robo_16f.c,9 :: 		TRISA = 0b00010000;
0x0035	0x3010      	MOVLW      16
0x0036	0x1683      	BSF        STATUS, 5
0x0037	0x0085      	MOVWF      TRISA
;Robo_16f.c,10 :: 		TRISB = 0b10000001;
0x0038	0x3081      	MOVLW      129
0x0039	0x0086      	MOVWF      TRISB
;Robo_16f.c,11 :: 		PORTA = 0;
0x003A	0x1283      	BCF        STATUS, 5
0x003B	0x0185      	CLRF       PORTA
;Robo_16f.c,12 :: 		PORTB = 0;
0x003C	0x0186      	CLRF       PORTB
;Robo_16f.c,15 :: 		while(1){
L_main0:
;Robo_16f.c,17 :: 		date = Converter(bit2, bit1, bit0);
0x003D	0x3000      	MOVLW      0
0x003E	0x1B86      	BTFSC      RB7_bit, BitPos(RB7_bit+0)
0x003F	0x3001      	MOVLW      1
0x0040	0x00A4      	MOVWF      FARG_Converter_n1
0x0041	0x01A5      	CLRF       FARG_Converter_n1+1
0x0042	0x3000      	MOVLW      0
0x0043	0x1806      	BTFSC      RB0_bit, BitPos(RB0_bit+0)
0x0044	0x3001      	MOVLW      1
0x0045	0x00A6      	MOVWF      FARG_Converter_n2
0x0046	0x01A7      	CLRF       FARG_Converter_n2+1
0x0047	0x3000      	MOVLW      0
0x0048	0x1A05      	BTFSC      RA4_bit, BitPos(RA4_bit+0)
0x0049	0x3001      	MOVLW      1
0x004A	0x00A8      	MOVWF      FARG_Converter_n3
0x004B	0x01A9      	CLRF       FARG_Converter_n3+1
0x004C	0x2003      	CALL       _Converter
0x004D	0x0870      	MOVF       R0, 0
0x004E	0x00A2      	MOVWF      main_date_L0
0x004F	0x0871      	MOVF       R0+1, 0
0x0050	0x00A3      	MOVWF      main_date_L0+1
;Robo_16f.c,18 :: 		if (date == 1){   //SE MOVE PARA FRENTE
0x0051	0x3000      	MOVLW      0
0x0052	0x0671      	XORWF      R0+1, 0
0x0053	0x1D03      	BTFSS      STATUS, 2
0x0054	0x2857      	GOTO       L__main16
0x0055	0x3001      	MOVLW      1
0x0056	0x0670      	XORWF      R0, 0
L__main16:
0x0057	0x1D03      	BTFSS      STATUS, 2
0x0058	0x285E      	GOTO       L_main2
;Robo_16f.c,19 :: 		PORTA = 0xA;
0x0059	0x300A      	MOVLW      10
0x005A	0x0085      	MOVWF      PORTA
;Robo_16f.c,20 :: 		PORTB = 0x28;
0x005B	0x3028      	MOVLW      40
0x005C	0x0086      	MOVWF      PORTB
;Robo_16f.c,21 :: 		}
0x005D	0x288F      	GOTO       L_main3
L_main2:
;Robo_16f.c,22 :: 		else if(date == 2){    // PARA
0x005E	0x3000      	MOVLW      0
0x005F	0x0623      	XORWF      main_date_L0+1, 0
0x0060	0x1D03      	BTFSS      STATUS, 2
0x0061	0x2864      	GOTO       L__main17
0x0062	0x3002      	MOVLW      2
0x0063	0x0622      	XORWF      main_date_L0, 0
L__main17:
0x0064	0x1D03      	BTFSS      STATUS, 2
0x0065	0x2869      	GOTO       L_main4
;Robo_16f.c,23 :: 		PORTA = 0;
0x0066	0x0185      	CLRF       PORTA
;Robo_16f.c,24 :: 		PORTB = 0;
0x0067	0x0186      	CLRF       PORTB
;Robo_16f.c,25 :: 		}
0x0068	0x288F      	GOTO       L_main5
L_main4:
;Robo_16f.c,26 :: 		else if(date == 3){    //SE MOVE PARA TRÁS
0x0069	0x3000      	MOVLW      0
0x006A	0x0623      	XORWF      main_date_L0+1, 0
0x006B	0x1D03      	BTFSS      STATUS, 2
0x006C	0x286F      	GOTO       L__main18
0x006D	0x3003      	MOVLW      3
0x006E	0x0622      	XORWF      main_date_L0, 0
L__main18:
0x006F	0x1D03      	BTFSS      STATUS, 2
0x0070	0x2876      	GOTO       L_main6
;Robo_16f.c,27 :: 		PORTA = 0x5;
0x0071	0x3005      	MOVLW      5
0x0072	0x0085      	MOVWF      PORTA
;Robo_16f.c,28 :: 		PORTB = 0x50;
0x0073	0x3050      	MOVLW      80
0x0074	0x0086      	MOVWF      PORTB
;Robo_16f.c,29 :: 		}
0x0075	0x288F      	GOTO       L_main7
L_main6:
;Robo_16f.c,30 :: 		else if(date == 4){    //VIRA PARA ESQUERDA
0x0076	0x3000      	MOVLW      0
0x0077	0x0623      	XORWF      main_date_L0+1, 0
0x0078	0x1D03      	BTFSS      STATUS, 2
0x0079	0x287C      	GOTO       L__main19
0x007A	0x3004      	MOVLW      4
0x007B	0x0622      	XORWF      main_date_L0, 0
L__main19:
0x007C	0x1D03      	BTFSS      STATUS, 2
0x007D	0x2883      	GOTO       L_main8
;Robo_16f.c,31 :: 		PORTA = 0x5;
0x007E	0x3005      	MOVLW      5
0x007F	0x0085      	MOVWF      PORTA
;Robo_16f.c,32 :: 		PORTB = 0x28;
0x0080	0x3028      	MOVLW      40
0x0081	0x0086      	MOVWF      PORTB
;Robo_16f.c,33 :: 		}
0x0082	0x288F      	GOTO       L_main9
L_main8:
;Robo_16f.c,34 :: 		else if(date == 5){    //VIRA PARA DIREITA
0x0083	0x3000      	MOVLW      0
0x0084	0x0623      	XORWF      main_date_L0+1, 0
0x0085	0x1D03      	BTFSS      STATUS, 2
0x0086	0x2889      	GOTO       L__main20
0x0087	0x3005      	MOVLW      5
0x0088	0x0622      	XORWF      main_date_L0, 0
L__main20:
0x0089	0x1D03      	BTFSS      STATUS, 2
0x008A	0x288F      	GOTO       L_main10
;Robo_16f.c,35 :: 		PORTA = 0xA;
0x008B	0x300A      	MOVLW      10
0x008C	0x0085      	MOVWF      PORTA
;Robo_16f.c,36 :: 		PORTB = 0x50;
0x008D	0x3050      	MOVLW      80
0x008E	0x0086      	MOVWF      PORTB
;Robo_16f.c,37 :: 		}
L_main10:
L_main9:
L_main7:
L_main5:
L_main3:
;Robo_16f.c,39 :: 		delay_ms(100);
0x008F	0x3003      	MOVLW      3
0x0090	0x00FB      	MOVWF      R11
0x0091	0x3008      	MOVLW      8
0x0092	0x00FC      	MOVWF      R12
0x0093	0x3077      	MOVLW      119
0x0094	0x00FD      	MOVWF      R13
L_main11:
0x0095	0x0BFD      	DECFSZ     R13, 1
0x0096	0x2895      	GOTO       L_main11
0x0097	0x0BFC      	DECFSZ     R12, 1
0x0098	0x2895      	GOTO       L_main11
0x0099	0x0BFB      	DECFSZ     R11, 1
0x009A	0x2895      	GOTO       L_main11
;Robo_16f.c,40 :: 		}
0x009B	0x283D      	GOTO       L_main0
;Robo_16f.c,42 :: 		}
L_end_main:
0x009C	0x289C      	GOTO       $+0
; end of _main
Symbol List:
//** Routines locations **
//ADDRESS    SIZE    PROCEDURE
//----------------------------------------------
0x0003      [44]    _Converter
0x002F     [110]    _main
//** Variables locations ** 
//ADDRESS    SIZE    VARIABLE
//----------------------------------------------
0x0000       [1]    INDF
0x0003       [1]    STATUS
0x0004       [1]    FSR
0x0005       [0]    RA4_bit
0x0005       [1]    PORTA
0x0006       [1]    PORTB
0x0006       [0]    RB0_bit
0x0006       [0]    RB7_bit
0x000A       [1]    PCLATH
0x001F       [1]    CMCON
0x0020       [2]    ___DoICPAddr
0x0022       [2]    main_date_L0
0x0024       [2]    FARG_Converter_n1
0x0026       [2]    FARG_Converter_n2
0x0028       [2]    FARG_Converter_n3
0x002A       [2]    Converter_valor_L0
0x0070       [1]    R0
0x0071       [1]    R1
0x0072       [1]    R2
0x0073       [1]    R3
0x0074       [1]    R4
0x0075       [1]    R5
0x0076       [1]    R6
0x0077       [1]    R7
0x0078       [1]    R8
0x0079       [1]    R9
0x007A       [1]    R10
0x007B       [1]    R11
0x007C       [1]    R12
0x007D       [1]    R13
0x007E       [1]    R14
0x007F       [1]    R15
0x0085       [1]    TRISA
0x0086       [1]    TRISB
